<testsuite name="new-test-suite" time="1.153" failures="0" errors="0" skipped="0" tests="1">
  <properties>
    <property key="java.runtime.name" value="Java(TM) SE Runtime Environment"/>
    <property key="sun.boot.library.path" value="C:\PROGRA~1\Java\JDK18~1.0_4\jre\bin"/>
    <property key="java.vm.version" value="25.45-b02"/>
    <property key="maven.multiModuleProjectDirectory" value="F:\MuleSoft Prj\Mulesoftprj\mulesofttraining\mulemaven"/>
    <property key="java.vm.vendor" value="Oracle Corporation"/>
    <property key="java.vendor.url" value="http://java.oracle.com/"/>
    <property key="guice.disable.misplaced.annotation.check" value="true"/>
    <property key="path.separator" value=";"/>
    <property key="java.vm.name" value="Java HotSpot(TM) 64-Bit Server VM"/>
    <property key="file.encoding.pkg" value="sun.io"/>
    <property key="user.country" value="US"/>
    <property key="user.script" value=""/>
    <property key="sun.java.launcher" value="SUN_STANDARD"/>
    <property key="sun.os.patch.level" value=""/>
    <property key="java.vm.specification.name" value="Java Virtual Machine Specification"/>
    <property key="user.dir" value="F:\MuleSoft Prj\Mulesoftprj\mulesofttraining\mulemaven"/>
    <property key="java.runtime.version" value="1.8.0_45-b15"/>
    <property key="java.awt.graphicsenv" value="sun.awt.Win32GraphicsEnvironment"/>
    <property key="java.endorsed.dirs" value="C:\PROGRA~1\Java\JDK18~1.0_4\jre\lib\endorsed"/>
    <property key="os.arch" value="amd64"/>
    <property key="java.io.tmpdir" value="C:\Users\VIKAS~1.SAX\AppData\Local\Temp\"/>
    <property key="line.separator" value="&#xd;&#xa;"/>
    <property key="java.vm.specification.vendor" value="Oracle Corporation"/>
    <property key="user.variant" value=""/>
    <property key="os.name" value="Windows 8.1"/>
    <property key="classworlds.conf" value="F:\Software\apache-maven-3.5.0-bin\apache-maven-3.5.0\bin\..\bin\m2.conf"/>
    <property key="sun.jnu.encoding" value="Cp1252"/>
    <property key="java.library.path" value="C:\PROGRA~1\Java\JDK18~1.0_4\jre\bin;C:\WINDOWS\Sun\Java\bin;C:\WINDOWS\system32;C:\WINDOWS;C:\ProgramData\Oracle\Java\javapath;C:\Program Files (x86)\Intel\iCLS Client\;C:\Program Files\Intel\iCLS Client\;C:\windows\system32;C:\windows;C:\windows\System32\Wbem;C:\windows\System32\WindowsPowerShell\v1.0\;C:\Program Files\Intel\Intel(R) Management Engine Components\DAL;C:\Program Files\Intel\Intel(R) Management Engine Components\IPT;C:\Program Files (x86)\Intel\Intel(R) Management Engine Components\DAL;C:\Program Files (x86)\Intel\Intel(R) Management Engine Components\IPT;C:\Program Files (x86)\Intel\OpenCL SDK\3.0\bin\x86;C:\Program Files (x86)\Intel\OpenCL SDK\3.0\bin\x64;C:\Program Files\TortoiseSVN\bin;C:\Program Files (x86)\Java\jre1.8.0_45;C:\Program Files\Java\jdk1.8.0_45\bin;C:\Program Files (x86)\CloudFoundry;C:\Users\vikas.saxena\.dnx\bin;C:\Program Files\Microsoft DNX\Dnvm\;C:\Program Files\Microsoft SQL Server\130\Tools\Binn\;C:\Program Files (x86)\Windows Kits\8.1\Windows Performance Toolkit\;C:\Program Files (x86)\Microsoft SQL Server\110\Tools\Binn\ManagementStudio\;C:\Program Files (x86)\Microsoft SQL Server\110\Tools\Binn\;C:\Program Files (x86)\Microsoft SQL Server\110\DTS\Binn\;C:\Program Files\Microsoft SQL Server\110\Tools\Binn\;C:\Program Files\Microsoft SQL Server\110\DTS\Binn\;C:\Program Files (x86)\Microsoft Visual Studio 10.0\Common7\IDE\PrivateAssemblies\;C:\Program Files (x86)\Skype\Phone\;C:\Program Files\nodejs\;C:\WINDOWS\system32;C:\WINDOWS;C:\WINDOWS\System32\Wbem;C:\WINDOWS\System32\WindowsPowerShell\v1.0\;C:\Program Files\Microsoft\Web Platform Installer\;C:\Program Files\Amazon\AWSCLI\;C:\Users\vikas.saxena\AppData\Roaming\npm;C:\Users\vikas.saxena\AppData\Local\Microsoft\WindowsApps;F:\Software\apache-maven-3.5.0-bin\apache-maven-3.5.0\bin;;."/>
    <property key="maven.conf" value="F:\Software\apache-maven-3.5.0-bin\apache-maven-3.5.0\bin\../conf"/>
    <property key="java.specification.name" value="Java Platform API Specification"/>
    <property key="java.class.version" value="52.0"/>
    <property key="sun.management.compiler" value="HotSpot 64-Bit Tiered Compilers"/>
    <property key="os.version" value="6.3"/>
    <property key="library.jansi.path" value="F:\Software\apache-maven-3.5.0-bin\apache-maven-3.5.0\bin\..\lib\jansi-native\windows64"/>
    <property key="user.home" value="C:\Users\vikas.saxena"/>
    <property key="user.timezone" value="Asia/Calcutta"/>
    <property key="java.awt.printerjob" value="sun.awt.windows.WPrinterJob"/>
    <property key="file.encoding" value="Cp1252"/>
    <property key="java.specification.version" value="1.8"/>
    <property key="java.class.path" value="F:\Software\apache-maven-3.5.0-bin\apache-maven-3.5.0\bin\..\boot\plexus-classworlds-2.5.2.jar"/>
    <property key="user.name" value="vikas.saxena"/>
    <property key="java.vm.specification.version" value="1.8"/>
    <property key="sun.java.command" value="org.codehaus.plexus.classworlds.launcher.Launcher clean package"/>
    <property key="java.home" value="C:\PROGRA~1\Java\JDK18~1.0_4\jre"/>
    <property key="sun.arch.data.model" value="64"/>
    <property key="user.language" value="en"/>
    <property key="java.specification.vendor" value="Oracle Corporation"/>
    <property key="awt.toolkit" value="sun.awt.windows.WToolkit"/>
    <property key="java.vm.info" value="mixed mode"/>
    <property key="java.version" value="1.8.0_45"/>
    <property key="java.ext.dirs" value="C:\PROGRA~1\Java\JDK18~1.0_4\jre\lib\ext;C:\WINDOWS\Sun\Java\lib\ext"/>
    <property key="sun.boot.class.path" value="C:\PROGRA~1\Java\JDK18~1.0_4\jre\lib\resources.jar;C:\PROGRA~1\Java\JDK18~1.0_4\jre\lib\rt.jar;C:\PROGRA~1\Java\JDK18~1.0_4\jre\lib\sunrsasign.jar;C:\PROGRA~1\Java\JDK18~1.0_4\jre\lib\jsse.jar;C:\PROGRA~1\Java\JDK18~1.0_4\jre\lib\jce.jar;C:\PROGRA~1\Java\JDK18~1.0_4\jre\lib\charsets.jar;C:\PROGRA~1\Java\JDK18~1.0_4\jre\lib\jfr.jar;C:\PROGRA~1\Java\JDK18~1.0_4\jre\classes"/>
    <property key="java.vendor" value="Oracle Corporation"/>
    <property key="sun.stderr.encoding" value="cp437"/>
    <property key="maven.home" value="F:\Software\apache-maven-3.5.0-bin\apache-maven-3.5.0\bin\.."/>
    <property key="file.separator" value="\"/>
    <property key="java.vendor.url.bug" value="http://bugreport.sun.com/bugreport/"/>
    <property key="sun.io.unicode.encoding" value="UnicodeLittle"/>
    <property key="sun.cpu.endian" value="little"/>
    <property key="sun.stdout.encoding" value="cp437"/>
    <property key="sun.desktop" value="windows"/>
    <property key="sun.cpu.isalist" value="amd64"/>
    <property key="mule.testingMode" value="true"/>
    <property key="mule.working.dir" value="F:\MuleSoft Prj\Mulesoftprj\mulesofttraining\mulemaven\target\.mule"/>
  </properties>
  <testcase time="0.111" name="new-test-suite-mulemavenFlowTest" classname="new-test-suite"/>
</testsuite>